00700
01688
01810
01918
03690
03968
02318
00763
03333
02333
01988
02196
02800
00788
00175
02988
03888
01177
01093
08070
01282
08377
00769
08455
00359
08230
00578
08139
00736
03893
00765
01470
00090
08301
01790
01126
00456
01894
08252
01263
02051
00412
08232
00641
06860
00630
02088
06865
08078
01736
01742
00812
08085
08021
02023
00416
08545
01119
01258
02281
01229
08460
00776
01206
08456
08086
00569
08507
00080
08356
01326
08055
00515
01005
01275
08363
00557
08242
08423
08147
08073
08027
02323
02133
00082
01806
08121
00743
01662
03313
08082
08150
00766
02728
08267
01239
00585
03948
08072
00476
01044
01217
00120
08080
02699
08357
01708
08297
00622
08300
00275
03830
01297
08419
08376
01938
08305
03688
08619
08257
01655
00875
02448
08137
00115
01121
00797
08395
01720
01022
00109
02324
00632
02340
01746
01205
03999
08320
01383
03378
08123
01227
01990
00137
08117
00154
08420
01539
00727
01289
00294
01062
01218
03358
01750
08313
08095
06133
00948
00906
00242
08199
08416
08270
08018
01781
01358
00663
02277
02193
02068
00830
02308
00986
03608
01183
01996
01600
01560
00712
02218
00882
08243
01613
08030
00558
08439
00661
06198
02398
08179
02022
00979
08603
01105
01031
00111
02014
01110
01653
01775
08059
01290
00564
08226
02349
00581
08283
00856
02362
00768
01588
01305
00336
00169
01172
02698
08512
00149
03048
08425
01049
02326
02233
00818
08400
08181
00757
03836
08238
01571
00299
00408
01552
08219
08621
01006
01913
00029
00327
00621
01052
00708
00535
01596
01072
01456
06128
03878
02080
08011
01617
01589
01159
00420
08003
02355
00616
08217
01555
00018
01250
01170
01387
00636
00487
00352
08022
02299
08293
08351
00293
00157
01259
01611
01579
00379
01565
08223
00180
08358
01749
01993
00041
08613
02309
01801
01709
00868
01332
00071
08120
01651
02262
00007
03633
08532
03800
02808
01610
01586
00237
01758
02232
00282
08403
03828
01671
00547
06893
06878
00860
00747
00677
00435
00459
08383
01396
01301
01262
00858
02238
08240
02863
01763
00070
06060
00243
08525
02812
02377
00720
00553
00498
00411
08473
00968
08355
01399
00613
02212
06038
02788
01633
01296
00903
00759
01760
06288
03889
02700
01046
00701
01831
01752
00438
08426
06896
